# This file contains your saved settings for guiguts.
# It is automatically generated when you save your settings.
# If you delete it, all the settings will revert to defaults.
# You shouldn't ever have to edit this file manually.


@gcopt = (0,0,0,0,0,0,1,0,1,);

$activecolor         = '#198be6';
$auto_page_marks     = '1';
$autosaveinterval    = '5';
$blocklmargin        = '5';
$blockrmargin        = '72';
$fontname            = 'Courier New';
$fontsize            = '10';
$geometry            = '709x430+23+23';
$globalaspellmode    = 'normal';
$highlightcolor      = '#a08dfc';
$history_size        = '20';
$jeebiesmode         = 'p';
$lmargin             = '1';
$rmargin             = '72';
$singleterm          = '1';
$toolside            = 'bottom';
$utffontname         = 'Courier New';
$utffontsize         = '14';
$italic_char         = '_';
$bold_char           = '=';
$ignoreversions      = 'revision';
$lastversioncheck    = '1314742728';

$globalbrowserstart  = 'start';
$gutpath             = 'C:\dp\dp\tools\gutcheck\gutcheck.exe';
$jeebiespath         = 'C:\dp\dp\tools\jeebies\jeebies.exe';
$tidycommand         = 'C:\dp\dp\tools\tidy\tidy.exe';
$validatecommand     = 'C:\dp\dp\tools\W3C\onsgmls.exe';
$validatecsscommand  = 'C:\dp\dp\tools\W3C\css-validator.jar';

@recentfile = (
);

@extops = (
	{'label' => 'W3C Markup Validation Service', 'command' => 'start http://validator.w3.org/'},
	{'label' => 'W3C CSS Validation Service', 'command' => 'start http://jigsaw.w3.org/css-validator/'},
	{'label' => 'NPL Dictionary Search', 'command' => 'start http://www.puzzlers.org/wordlists/grepdict.php'},
	{'label' => 'Pass open file to default handler', 'command' => 'start $d$f$e'},
	{'label' => '', 'command' => ''},
	{'label' => '', 'command' => ''},
	{'label' => '', 'command' => ''},
	{'label' => '', 'command' => ''},
	{'label' => '', 'command' => ''},
	{'label' => '', 'command' => ''},
);

@mygcview = ();

@search_history = (
);

@replace_history = (
);

1;
